{"level":"info","message":"🧪 DÉBUT DES TESTS SYSTÈME OVYON","timestamp":"2026-02-15T10:20:48.071Z"}
{"level":"info","message":"Test 1: Création d'un appareil...","timestamp":"2026-02-15T10:20:48.073Z"}
{"level":"error","message":"❌ Échec création appareil","timestamp":"2026-02-15T10:20:48.074Z"}
{"level":"info","message":"Test 2: Création d'une règle...","timestamp":"2026-02-15T10:20:48.074Z"}
{"level":"error","message":"❌ Échec création règle","timestamp":"2026-02-15T10:20:48.074Z"}
{"level":"info","message":"Test 3: Mode Panique...","timestamp":"2026-02-15T10:20:48.074Z"}
{"level":"info","message":"✅ Mode Panique loggué et exécuté","timestamp":"2026-02-15T10:20:48.155Z"}
{"level":"info","message":"Test 4: Réinitialisation Système...","timestamp":"2026-02-15T10:20:48.156Z"}
{"level":"info","message":"✅ Système réinitialisé (0 appareils)","timestamp":"2026-02-15T10:20:48.157Z"}
{"level":"info","message":"🎉 TOUS LES TESTS TERMINÉS","timestamp":"2026-02-15T10:20:48.157Z"}
{"level":"info","message":"Base de données SQLite initialisée 🗄️","timestamp":"2026-02-15T10:20:48.209Z"}
{"level":"info","message":"SYSTEM TESTS START","timestamp":"2026-02-15T10:56:16.889Z"}
{"level":"info","message":"Base de données SQLite initialisée 🗄️","timestamp":"2026-02-15T10:56:16.899Z"}
{"level":"info","message":"Test 1: create device","timestamp":"2026-02-15T10:56:16.903Z"}
{"level":"info","message":"PASS: device created","timestamp":"2026-02-15T10:56:16.933Z"}
{"level":"info","message":"Test 2: create rule","timestamp":"2026-02-15T10:56:16.935Z"}
{"level":"info","message":"PASS: rule created","timestamp":"2026-02-15T10:56:16.957Z"}
{"level":"info","message":"Test 3: panic mode","timestamp":"2026-02-15T10:56:16.958Z"}
{"level":"info","message":"PASS: panic mode logged","timestamp":"2026-02-15T10:56:16.965Z"}
{"level":"info","message":"Test 4: system reset","timestamp":"2026-02-15T10:56:16.966Z"}
{"level":"info","message":"PASS: system reset removed all devices","timestamp":"2026-02-15T10:56:16.975Z"}
{"level":"info","message":"SYSTEM TESTS PASSED","timestamp":"2026-02-15T10:56:16.976Z"}
{"level":"info","message":"SYSTEM TESTS START","timestamp":"2026-02-15T11:04:56.004Z"}
{"level":"info","message":"Base de données SQLite initialisée 🗄️","timestamp":"2026-02-15T11:04:56.013Z"}
{"level":"info","message":"Test 1: create device","timestamp":"2026-02-15T11:04:56.018Z"}
{"level":"info","message":"PASS: device created","timestamp":"2026-02-15T11:04:56.046Z"}
{"level":"info","message":"Test 2: create rule","timestamp":"2026-02-15T11:04:56.047Z"}
{"level":"info","message":"PASS: rule created","timestamp":"2026-02-15T11:04:56.072Z"}
{"level":"info","message":"Test 3: panic mode","timestamp":"2026-02-15T11:04:56.072Z"}
{"level":"info","message":"PASS: panic mode logged","timestamp":"2026-02-15T11:04:56.083Z"}
{"level":"info","message":"Test 4: system reset","timestamp":"2026-02-15T11:04:56.084Z"}
{"level":"info","message":"PASS: system reset removed all devices","timestamp":"2026-02-15T11:04:56.101Z"}
{"level":"info","message":"SYSTEM TESTS PASSED","timestamp":"2026-02-15T11:04:56.102Z"}
{"level":"info","message":"SYSTEM TESTS START","timestamp":"2026-03-01T13:40:52.682Z"}
{"level":"info","message":"Base de données SQLite initialisée 🗄️","timestamp":"2026-03-01T13:40:52.766Z"}
{"level":"info","message":"Test 1: create device","timestamp":"2026-03-01T13:40:52.772Z"}
{"level":"info","message":"PASS: device created","timestamp":"2026-03-01T13:40:52.878Z"}
{"level":"info","message":"Test 2: create rule","timestamp":"2026-03-01T13:40:52.879Z"}
{"level":"info","message":"PASS: rule created","timestamp":"2026-03-01T13:40:52.887Z"}
{"level":"info","message":"Test 3: panic mode","timestamp":"2026-03-01T13:40:52.888Z"}
{"level":"info","message":"PASS: panic mode logged","timestamp":"2026-03-01T13:40:52.898Z"}
{"level":"info","message":"Test 4: system reset","timestamp":"2026-03-01T13:40:52.899Z"}
{"level":"info","message":"PASS: system reset removed all devices","timestamp":"2026-03-01T13:40:52.915Z"}
{"level":"info","message":"SYSTEM TESTS PASSED","timestamp":"2026-03-01T13:40:52.916Z"}
{"level":"info","message":"SYSTEM TESTS START","timestamp":"2026-03-02T07:47:49.928Z"}
{"level":"info","message":"Base de données SQLite initialisée 🗄️","timestamp":"2026-03-02T07:47:49.958Z"}
{"level":"info","message":"Test 1: create device","timestamp":"2026-03-02T07:47:49.964Z"}
{"level":"info","message":"PASS: device created","timestamp":"2026-03-02T07:47:50.137Z"}
{"level":"info","message":"Test 2: create rule","timestamp":"2026-03-02T07:47:50.138Z"}
{"level":"info","message":"PASS: rule created","timestamp":"2026-03-02T07:47:50.182Z"}
{"level":"info","message":"Test 3: panic mode","timestamp":"2026-03-02T07:47:50.184Z"}
{"level":"info","message":"PASS: panic mode logged","timestamp":"2026-03-02T07:47:50.197Z"}
{"level":"info","message":"Test 4: system reset","timestamp":"2026-03-02T07:47:50.199Z"}
{"level":"info","message":"PASS: system reset removed all devices","timestamp":"2026-03-02T07:47:50.220Z"}
{"level":"info","message":"SYSTEM TESTS PASSED","timestamp":"2026-03-02T07:47:50.222Z"}
{"level":"info","message":"MQTT Broker started on port 1883","timestamp":"2026-03-03T12:25:38.666Z"}
{"level":"info","message":"MQTT WebSocket started on port 8083","timestamp":"2026-03-03T12:25:38.670Z"}
{"level":"info","message":"API REST OVYON lancée sur le port 3001 🚀","timestamp":"2026-03-03T12:25:38.670Z"}
{"level":"info","message":"Base de données SQLite initialisée 🗄️","timestamp":"2026-03-03T12:25:38.684Z"}
{"level":"info","message":"Client Connected: ovyon_web_1e8675","timestamp":"2026-03-03T12:25:40.705Z"}
{"level":"info","message":"Client Connected: ovyon_web_268603","timestamp":"2026-03-03T12:25:43.569Z"}
{"level":"info","message":"Client Disconnected: ovyon_web_1e8675","timestamp":"2026-03-03T12:26:19.358Z"}
{"level":"info","message":"Client Disconnected: ovyon_web_268603","timestamp":"2026-03-03T12:26:19.366Z"}
{"level":"info","message":"Client Connected: ovyon_web_c754ee","timestamp":"2026-03-03T12:26:20.064Z"}
{"level":"info","message":"Client Connected: ovyon_web_676e91","timestamp":"2026-03-03T12:26:20.098Z"}
{"level":"info","message":"Client Disconnected: ovyon_web_c754ee","timestamp":"2026-03-03T12:27:56.100Z"}
{"level":"info","message":"Client Disconnected: ovyon_web_676e91","timestamp":"2026-03-03T12:27:56.285Z"}
{"level":"info","message":"Client Connected: ovyon_web_d57ab3","timestamp":"2026-03-03T12:27:56.554Z"}
{"level":"info","message":"Client Connected: ovyon_web_3da976","timestamp":"2026-03-03T12:27:56.598Z"}
{"level":"info","message":"Client Connected: ovyon_web_f73978","timestamp":"2026-03-03T12:32:55.523Z"}
{"level":"info","message":"Client Connected: ovyon_web_cfa856","timestamp":"2026-03-03T12:32:55.631Z"}
{"level":"info","message":"Client Disconnected: ovyon_web_f73978","timestamp":"2026-03-03T12:34:18.860Z"}
{"level":"info","message":"Client Disconnected: ovyon_web_cfa856","timestamp":"2026-03-03T12:34:18.872Z"}
{"level":"info","message":"Client Connected: ovyon_web_1c194b","timestamp":"2026-03-03T12:34:27.064Z"}
{"level":"info","message":"Client Connected: ovyon_web_61ef73","timestamp":"2026-03-03T12:34:27.407Z"}
{"level":"info","message":"Client Disconnected: ovyon_web_1c194b","timestamp":"2026-03-03T12:36:39.092Z"}
{"level":"info","message":"Client Disconnected: ovyon_web_61ef73","timestamp":"2026-03-03T12:36:39.182Z"}
{"level":"info","message":"Client Disconnected: ovyon_web_d57ab3","timestamp":"2026-03-03T12:36:39.771Z"}
{"level":"info","message":"Client Disconnected: ovyon_web_3da976","timestamp":"2026-03-03T12:36:39.782Z"}
{"level":"info","message":"Client Connected: ovyon_web_9bd394","timestamp":"2026-03-03T12:36:44.877Z"}
{"level":"info","message":"Client Connected: ovyon_web_17e4b6","timestamp":"2026-03-03T12:36:44.896Z"}
{"level":"info","message":"Client Connected: ovyon_web_960373","timestamp":"2026-03-03T12:36:45.128Z"}
{"level":"info","message":"Client Connected: ovyon_web_9182ad","timestamp":"2026-03-03T12:36:45.132Z"}
{"level":"info","message":"Client Connected: ovyon_web_02aece","timestamp":"2026-03-03T12:46:05.386Z"}
{"level":"info","message":"Client Connected: ovyon_web_e31e0a","timestamp":"2026-03-03T12:46:05.455Z"}
{"level":"info","message":"Client Disconnected: ovyon_web_02aece","timestamp":"2026-03-03T12:46:13.366Z"}
{"level":"info","message":"Client Disconnected: ovyon_web_e31e0a","timestamp":"2026-03-03T12:46:13.367Z"}
{"level":"info","message":"Client Connected: ovyon_web_151f0d","timestamp":"2026-03-03T12:46:14.040Z"}
{"level":"info","message":"Client Connected: ovyon_web_86e0e1","timestamp":"2026-03-03T12:46:14.132Z"}
{"level":"info","message":"Client Disconnected: ovyon_web_86e0e1","timestamp":"2026-03-03T12:47:11.784Z"}
{"level":"info","message":"Client Disconnected: ovyon_web_151f0d","timestamp":"2026-03-03T12:47:11.788Z"}
{"level":"info","message":"Client Connected: ovyon_web_cbd32c","timestamp":"2026-03-03T12:47:12.424Z"}
{"level":"info","message":"Client Connected: ovyon_web_89be16","timestamp":"2026-03-03T12:47:12.513Z"}
{"level":"info","message":"Client Disconnected: ovyon_web_9bd394","timestamp":"2026-03-03T12:47:15.725Z"}
{"level":"info","message":"Client Disconnected: ovyon_web_17e4b6","timestamp":"2026-03-03T12:47:15.728Z"}
{"level":"info","message":"Client Disconnected: ovyon_web_960373","timestamp":"2026-03-03T12:47:43.547Z"}
{"level":"info","message":"Client Disconnected: ovyon_web_9182ad","timestamp":"2026-03-03T12:47:43.557Z"}
{"level":"info","message":"Client Connected: ovyon_web_d745bd","timestamp":"2026-03-03T12:47:44.230Z"}
{"level":"info","message":"Client Connected: ovyon_web_430ac1","timestamp":"2026-03-03T12:47:44.241Z"}
{"level":"info","message":"Client Disconnected: ovyon_web_89be16","timestamp":"2026-03-03T12:47:54.768Z"}
{"level":"info","message":"Client Disconnected: ovyon_web_cbd32c","timestamp":"2026-03-03T12:47:54.772Z"}
{"level":"info","message":"Client Connected: ovyon_web_40e878","timestamp":"2026-03-03T12:47:55.412Z"}
{"level":"info","message":"Client Connected: ovyon_web_53326f","timestamp":"2026-03-03T12:47:55.423Z"}
{"level":"info","message":"Client Disconnected: ovyon_web_d745bd","timestamp":"2026-03-03T12:48:43.255Z"}
{"level":"info","message":"Client Disconnected: ovyon_web_430ac1","timestamp":"2026-03-03T12:48:43.260Z"}
{"level":"info","message":"Client Connected: ovyon_web_9bd394","timestamp":"2026-03-03T12:48:51.324Z"}
{"level":"info","message":"Client Connected: ovyon_web_17e4b6","timestamp":"2026-03-03T12:48:51.428Z"}
{"level":"info","message":"Client Disconnected: ovyon_web_9bd394","timestamp":"2026-03-03T12:48:52.111Z"}
{"level":"info","message":"Client Disconnected: ovyon_web_17e4b6","timestamp":"2026-03-03T12:48:52.116Z"}
{"level":"info","message":"Client Connected: ovyon_web_f0da16","timestamp":"2026-03-03T12:48:52.858Z"}
{"level":"info","message":"Client Connected: ovyon_web_113ec7","timestamp":"2026-03-03T12:48:52.860Z"}
{"level":"info","message":"Client Disconnected: ovyon_web_53326f","timestamp":"2026-03-03T12:50:20.255Z"}
{"level":"info","message":"Client Connected: ovyon_web_ab6951","timestamp":"2026-03-03T12:50:20.312Z"}
{"level":"info","message":"Client Disconnected: ovyon_web_f0da16","timestamp":"2026-03-03T12:51:40.695Z"}
{"level":"info","message":"Client Disconnected: ovyon_web_113ec7","timestamp":"2026-03-03T12:51:40.698Z"}
{"level":"info","message":"Client Connected: ovyon_web_f2024f","timestamp":"2026-03-03T12:51:41.592Z"}
{"level":"info","message":"Client Connected: ovyon_web_7fa094","timestamp":"2026-03-03T12:51:41.594Z"}
{"level":"info","message":"Client Disconnected: ovyon_web_ab6951","timestamp":"2026-03-03T12:51:50.434Z"}
{"level":"info","message":"Client Disconnected: ovyon_web_f2024f","timestamp":"2026-03-03T12:52:06.632Z"}
{"level":"info","message":"Client Disconnected: ovyon_web_7fa094","timestamp":"2026-03-03T12:52:06.644Z"}
{"level":"info","message":"Client Connected: ovyon_web_e1411a","timestamp":"2026-03-03T12:52:08.001Z"}
{"level":"info","message":"Client Connected: ovyon_web_c46839","timestamp":"2026-03-03T12:52:08.017Z"}
{"level":"info","message":"Client Disconnected: ovyon_web_40e878","timestamp":"2026-03-03T12:52:26.152Z"}
{"level":"info","message":"Client Connected: ovyon_web_81b02e","timestamp":"2026-03-03T12:52:33.311Z"}
{"level":"info","message":"Client Connected: ovyon_web_64c2aa","timestamp":"2026-03-03T12:52:33.317Z"}
{"level":"info","message":"Client Connected: ovyon_web_aab113","timestamp":"2026-03-03T12:52:56.242Z"}
{"level":"info","message":"Client Connected: ovyon_web_37f094","timestamp":"2026-03-03T12:52:56.341Z"}
{"level":"info","message":"Client Disconnected: ovyon_web_aab113","timestamp":"2026-03-03T12:52:57.358Z"}
{"level":"info","message":"Client Disconnected: ovyon_web_37f094","timestamp":"2026-03-03T12:52:57.361Z"}
{"level":"info","message":"Client Connected: ovyon_web_59f80c","timestamp":"2026-03-03T12:52:57.992Z"}
{"level":"info","message":"Client Connected: ovyon_web_b71d48","timestamp":"2026-03-03T12:52:58.021Z"}
{"level":"info","message":"Client Disconnected: ovyon_web_e1411a","timestamp":"2026-03-03T12:53:28.400Z"}
{"level":"info","message":"Client Disconnected: ovyon_web_c46839","timestamp":"2026-03-03T12:53:28.403Z"}
{"level":"info","message":"Client Disconnected: ovyon_web_64c2aa","timestamp":"2026-03-03T12:54:04.139Z"}
{"level":"info","message":"Client Connected: ovyon_web_a1032e","timestamp":"2026-03-03T12:54:04.149Z"}
{"level":"info","message":"Client Disconnected: ovyon_web_81b02e","timestamp":"2026-03-03T12:54:06.365Z"}
{"level":"info","message":"Client Disconnected: ovyon_web_a1032e","timestamp":"2026-03-03T12:54:06.378Z"}
{"level":"info","message":"Client Disconnected: ovyon_web_59f80c","timestamp":"2026-03-03T12:54:28.141Z"}
{"level":"info","message":"Client Disconnected: ovyon_web_b71d48","timestamp":"2026-03-03T12:54:28.252Z"}
{"level":"info","message":"Base de données SQLite initialisée 🗄️","timestamp":"2026-04-21T15:55:09.302Z"}
{"level":"info","message":"MQTT Broker started on port 1883","timestamp":"2026-04-21T15:55:10.963Z"}
{"level":"info","message":"MQTT WebSocket started on port 8083","timestamp":"2026-04-21T15:55:10.969Z"}
{"level":"info","message":"API REST OVYON lancee sur le port 3001","timestamp":"2026-04-21T15:55:10.970Z"}
{"level":"info","message":"Base de données SQLite initialisée 🗄️","timestamp":"2026-04-21T15:55:20.662Z"}
{"level":"info","message":"MQTT Broker started on port 1883","timestamp":"2026-04-21T15:55:21.044Z"}
{"level":"info","message":"MQTT WebSocket started on port 8083","timestamp":"2026-04-21T15:55:21.045Z"}
{"level":"info","message":"API REST OVYON lancee sur le port 3001","timestamp":"2026-04-21T15:55:21.046Z"}
{"level":"info","message":"Base de données SQLite initialisée 🗄️","timestamp":"2026-04-21T15:57:08.143Z"}
{"level":"info","message":"MQTT Broker started on port 1883","timestamp":"2026-04-21T15:57:08.414Z"}
{"level":"info","message":"MQTT WebSocket started on port 8083","timestamp":"2026-04-21T15:57:08.417Z"}
{"level":"info","message":"API REST OVYON lancee sur le port 3001","timestamp":"2026-04-21T15:57:08.418Z"}
{"level":"info","message":"Client Connected: ovyon_web_c9fd79","timestamp":"2026-04-21T15:59:32.648Z"}
{"level":"info","message":"Client Connected: ovyon_web_7aaa66","timestamp":"2026-04-21T15:59:32.854Z"}
{"level":"info","message":"Client Disconnected: ovyon_web_c9fd79","timestamp":"2026-04-21T15:59:33.637Z"}
{"level":"info","message":"Client Disconnected: ovyon_web_7aaa66","timestamp":"2026-04-21T15:59:33.643Z"}
{"level":"info","message":"Client Connected: ovyon_web_25de4d","timestamp":"2026-04-21T15:59:34.704Z"}
{"level":"info","message":"Client Connected: ovyon_web_c60372","timestamp":"2026-04-21T15:59:34.711Z"}
{"error":{"code":"SQLITE_CONSTRAINT","errno":19},"level":"error","message":"Auth register/begin error","timestamp":"2026-04-21T16:01:13.886Z"}
{"level":"info","message":"Base de données SQLite initialisée 🗄️","timestamp":"2026-04-21T16:10:44.856Z"}
{"level":"info","message":"MQTT Broker started on port 1883","timestamp":"2026-04-21T16:10:45.026Z"}
{"level":"info","message":"MQTT WebSocket started on port 8083","timestamp":"2026-04-21T16:10:45.026Z"}
{"level":"info","message":"API REST OVYON lancee sur le port 3001","timestamp":"2026-04-21T16:10:45.027Z"}
{"level":"info","message":"Client Connected: ovyon_web_c60372","timestamp":"2026-04-21T16:10:45.544Z"}
{"level":"info","message":"Client Connected: ovyon_web_25de4d","timestamp":"2026-04-21T16:10:45.610Z"}
{"level":"info","message":"Base de données SQLite initialisée 🗄️","timestamp":"2026-04-21T16:11:05.653Z"}
{"level":"info","message":"MQTT Broker started on port 1883","timestamp":"2026-04-21T16:11:05.701Z"}
{"level":"info","message":"MQTT WebSocket started on port 8083","timestamp":"2026-04-21T16:11:05.702Z"}
{"level":"info","message":"API REST OVYON lancee sur le port 3001","timestamp":"2026-04-21T16:11:05.703Z"}
{"level":"info","message":"Client Connected: ovyon_web_c60372","timestamp":"2026-04-21T16:11:08.211Z"}
{"level":"info","message":"Client Connected: ovyon_web_25de4d","timestamp":"2026-04-21T16:11:08.271Z"}
{"level":"info","message":"Client Connected: ovyon_web_7c2e35","timestamp":"2026-04-21T16:11:31.537Z"}
{"level":"info","message":"Client Connected: ovyon_web_c1b4ad","timestamp":"2026-04-21T16:11:54.354Z"}
{"level":"info","message":"Client Connected: ovyon_web_ca3c70","timestamp":"2026-04-21T16:12:09.541Z"}
{"level":"info","message":"Base de données SQLite initialisée 🗄️","timestamp":"2026-04-21T16:12:37.866Z"}
{"level":"info","message":"MQTT Broker started on port 1883","timestamp":"2026-04-21T16:12:38.277Z"}
{"level":"info","message":"MQTT WebSocket started on port 8083","timestamp":"2026-04-21T16:12:38.279Z"}
{"level":"info","message":"API REST OVYON lancee sur le port 3001","timestamp":"2026-04-21T16:12:38.281Z"}
{"level":"info","message":"Client Connected: ovyon_web_c60372","timestamp":"2026-04-21T16:12:38.485Z"}
{"level":"info","message":"Client Connected: ovyon_web_c1b4ad","timestamp":"2026-04-21T16:12:38.552Z"}
{"level":"info","message":"Client Connected: ovyon_web_25de4d","timestamp":"2026-04-21T16:12:38.554Z"}
{"level":"info","message":"Client Connected: ovyon_web_7c2e35","timestamp":"2026-04-21T16:12:38.812Z"}
{"level":"info","message":"Client Connected: ovyon_web_ca3c70","timestamp":"2026-04-21T16:12:38.815Z"}
{"level":"info","message":"Client Disconnected: ovyon_web_c60372","timestamp":"2026-04-21T16:18:15.650Z"}
{"level":"info","message":"Client Disconnected: ovyon_web_c1b4ad","timestamp":"2026-04-21T16:18:15.711Z"}
{"level":"info","message":"Client Disconnected: ovyon_web_ca3c70","timestamp":"2026-04-21T16:18:15.713Z"}
{"level":"info","message":"Client Disconnected: ovyon_web_25de4d","timestamp":"2026-04-21T16:18:15.717Z"}
{"level":"info","message":"Client Disconnected: ovyon_web_7c2e35","timestamp":"2026-04-21T16:18:15.719Z"}
{"level":"info","message":"Client Connected: ovyon_web_e39af1","timestamp":"2026-04-21T16:18:16.412Z"}
{"level":"info","message":"Client Connected: ovyon_web_a3c588","timestamp":"2026-04-21T16:18:16.423Z"}
{"level":"info","message":"Client Disconnected: ovyon_web_e39af1","timestamp":"2026-04-21T16:18:37.644Z"}
{"level":"info","message":"Client Disconnected: ovyon_web_a3c588","timestamp":"2026-04-21T16:18:37.648Z"}
{"level":"info","message":"Client Connected: ovyon_web_f7074a","timestamp":"2026-04-21T16:18:38.374Z"}
{"level":"info","message":"Client Connected: ovyon_web_0b9830","timestamp":"2026-04-21T16:18:38.378Z"}
{"level":"info","message":"Client Connected: ovyon_web_880c38","timestamp":"2026-04-21T16:21:14.023Z"}
